<?xml version="1.0" encoding="UTF-8"?><testsuite errors="1" failures="0" name="examProject.features.search.BooksExpressStory" skipped="0" tests="1" time="25.66" timestamp="2021-02-06 06:15:18"><testcase classname="examProject.features.search.BooksExpressStory" name="Search for a book added book to wishlist and cart"><error message="Timed out after 2 seconds. Element not available&#10;Build info: version: '3.141.59', revision: 'e82be7d358', time: '2018-11-14T08:17:03'&#10;System info: host: 'OANA-PC', ip: '192.168.56.1', os.name: 'Windows 10', os.arch: 'amd64', os.version: '10.0', java.version: '15'&#10;Driver info: driver.version: unknown" type="org.openqa.selenium.ElementNotVisibleException">Timed out after 2 seconds. Element not available
Build info: version: '3.141.59', revision: 'e82be7d358', time: '2018-11-14T08:17:03'
System info: host: 'OANA-PC', ip: '192.168.56.1', os.name: 'Windows 10', os.arch: 'amd64', os.version: '10.0', java.version: '15'
Driver info: driver.version: unknown</error><system-err>Timed out after 2 seconds. Element not available
Build info: version: '3.141.59', revision: 'e82be7d358', time: '2018-11-14T08:17:03'
System info: host: 'OANA-PC', ip: '192.168.56.1', os.name: 'Windows 10', os.arch: 'amd64', os.version: '10.0', java.version: '15'
Driver info: driver.version: unknown&#13;
examProject.pages.HeaderAllPages.click_showCartPageButton(HeaderAllPages.java:99)&#13;
examProject.steps.serenity.EndUserSteps.add_book_to_cart(EndUserSteps.java:117)&#13;
examProject.features.search.BooksExpressStory.search_for_a_book_added_book_to_wishlist_and_cart(BooksExpressStory.java:76)&#13;
</system-err></testcase></testsuite>