<?xml version="1.0" encoding="UTF-8"?><testsuite errors="0" failures="1" name="examProject.features.search.BooksExpressStory" skipped="0" tests="1" time="24.4" timestamp="2020-11-20 12:30:41"><testcase classname="examProject.features.search.BooksExpressStory" name="Login user"><failure message="Expected enabled element was not enabled" type="net.thucydides.core.webdriver.exceptions.ElementShouldBeEnabledException">Expected enabled element was not enabled</failure><system-err>Expected enabled element was not enabled&#13;
examProject.pages.LoginPage.click_bookAddedToWishlistButton(LoginPage.java:115)&#13;
examProject.steps.serenity.EndUserSteps.fill_data_and_login(EndUserSteps.java:39)&#13;
examProject.features.search.BooksExpressStory.login_user(BooksExpressStory.java:30)&#13;
</system-err></testcase></testsuite>