<?xml version="1.0" encoding="UTF-8"?><testsuite errors="0" failures="0" name="examProject.features.search.SearchByKeywordStory" skipped="1" tests="3" time="15.83" timestamp="2020-11-16 09:57:34"><testcase classname="examProject.features.search.SearchByKeywordStory" name="Searching by keyword banana should display the corresponding article"/><testcase classname="examProject.features.search.SearchByKeywordStory" name="Searching by ambiguious keyword should display the disambiguation page"><skipped/></testcase><testcase classname="examProject.features.search.SearchByKeywordStory" name="Searching by keyword apple should display the corresponding article"/></testsuite>