<?xml version="1.0" encoding="UTF-8"?><testsuite errors="1" failures="0" name="examProject.features.search.BooksExpressStory" skipped="0" tests="1" time="16.61" timestamp="2021-02-06 06:40:26"><testcase classname="examProject.features.search.BooksExpressStory" name="Search book"><error message="Timed out after 2 seconds. Element not available&#10;Build info: version: '3.141.59', revision: 'e82be7d358', time: '2018-11-14T08:17:03'&#10;System info: host: 'OANA-PC', ip: '192.168.56.1', os.name: 'Windows 10', os.arch: 'amd64', os.version: '10.0', java.version: '15'&#10;Driver info: driver.version: unknown" type="org.openqa.selenium.ElementNotVisibleException">Timed out after 2 seconds. Element not available
Build info: version: '3.141.59', revision: 'e82be7d358', time: '2018-11-14T08:17:03'
System info: host: 'OANA-PC', ip: '192.168.56.1', os.name: 'Windows 10', os.arch: 'amd64', os.version: '10.0', java.version: '15'
Driver info: driver.version: unknown</error><system-err>Timed out after 2 seconds. Element not available
Build info: version: '3.141.59', revision: 'e82be7d358', time: '2018-11-14T08:17:03'
System info: host: 'OANA-PC', ip: '192.168.56.1', os.name: 'Windows 10', os.arch: 'amd64', os.version: '10.0', java.version: '15'
Driver info: driver.version: unknown&#13;
examProject.pages.LoginPage.enter_password(LoginPage.java:36)&#13;
examProject.steps.serenity.EndUserSteps.add_valid_credentials_and_login(EndUserSteps.java:29)&#13;
examProject.features.search.BooksExpressStory.search_book(BooksExpressStory.java:51)&#13;
</system-err></testcase></testsuite>