<?xml version="1.0" encoding="UTF-8"?><testsuite errors="0" failures="0" name="examProject.features.search.BooksExpressStory" skipped="0" tests="3" time="31.39" timestamp="2020-11-21 07:04:22"><testcase classname="examProject.features.search.BooksExpressStory" name="Login user with invalid password"/><testcase classname="examProject.features.search.BooksExpressStory" name="Search for a book added book to wishlist and cart"/><testcase classname="examProject.features.search.BooksExpressStory" name="Login user with valid credentials"/></testsuite>