<?xml version="1.0" encoding="UTF-8"?><testsuite errors="1" failures="0" name="examProject.features.search.BooksExpressStory" skipped="0" tests="1" time="18.34" timestamp="2020-11-21 07:05:19"><testcase classname="examProject.features.search.BooksExpressStory" name="Search for a book added book to wishlist and cart"><error message="Timed out after 2 seconds. Element not found&#10;For documentation on this error, please visit: https://www.seleniumhq.org/exceptions/no_such_element.html&#10;Build info: version: '3.141.59', revision: 'e82be7d358', time: '2018-11-14T08:17:03'&#10;System info: host: 'OANA-PC', ip: '192.168.56.1', os.name: 'Windows 10', os.arch: 'amd64', os.version: '10.0', java.version: '15'&#10;Driver info: driver.version: unknown" type="org.openqa.selenium.NoSuchElementException">Timed out after 2 seconds. Element not found
For documentation on this error, please visit: https://www.seleniumhq.org/exceptions/no_such_element.html
Build info: version: '3.141.59', revision: 'e82be7d358', time: '2018-11-14T08:17:03'
System info: host: 'OANA-PC', ip: '192.168.56.1', os.name: 'Windows 10', os.arch: 'amd64', os.version: '10.0', java.version: '15'
Driver info: driver.version: unknown</error><system-err>Timed out after 2 seconds. Element not found
For documentation on this error, please visit: https://www.seleniumhq.org/exceptions/no_such_element.html
Build info: version: '3.141.59', revision: 'e82be7d358', time: '2018-11-14T08:17:03'
System info: host: 'OANA-PC', ip: '192.168.56.1', os.name: 'Windows 10', os.arch: 'amd64', os.version: '10.0', java.version: '15'
Driver info: driver.version: unknown&#13;
examProject.pages.SearchPage.get_searched_book(SearchPage.java:28)&#13;
examProject.steps.serenity.EndUserSteps.verify_searched_book(EndUserSteps.java:75)&#13;
examProject.features.search.BooksExpressStory.search_for_a_book_added_book_to_wishlist_and_cart(BooksExpressStory.java:60)&#13;
</system-err></testcase></testsuite>